-------------------------------------------------------------------------------
      name:  lm_adjacency_01
       log:  C:\Users\abc0x7f\Desktop\PRO\统计建模\outputs/回归分析/70_空间权重
> 矩阵检验/stata/LM_adjacency_01.log
  log type:  text
 opened on:   6 May 2026, 21:15:14
============================================
矩阵：0-1邻接矩阵 (adjacency_01)
LM / Robust LM 检验
============================================

      Source |       SS           df       MS      Number of obs   =       240
-------------+----------------------------------   F(42, 197)      =    105.39
       Model |  11.8376949        42  .281849878   Prob > F        =    0.0000
    Residual |  .526845246       197  .002674341   R-squared       =    0.9574
-------------+----------------------------------   Adj R-squared   =    0.9483
       Total |  12.3645401       239  .051734477   Root MSE        =    .05171

------------------------------------------------------------------------------
         eff | Coefficient  Std. err.      t    P>|t|     [95% conf. interval]
-------------+----------------------------------------------------------------
        lntl |   .1724667   .0635667     2.71   0.007     .0471081    .2978253
         ind |   .0828436   .1312893     0.63   0.529    -.1760694    .3417565
         urb |  -1.928236   .3896291    -4.95   0.000    -2.696616   -1.159857
          rd |   6.588902   2.817804     2.34   0.020      1.03197    12.14584
        open |   .4521668   .1059002     4.27   0.000     .2433232    .6610104
          es |  -.1386371   .1452094    -0.95   0.341    -.4250015    .1477274
     pid_d_2 |   .0111389    .243586     0.05   0.964    -.4692319    .4915096
     pid_d_3 |    .421289   .2011387     2.09   0.037     .0246275    .8179504
     pid_d_4 |   .4619312   .1093337     4.22   0.000     .2463165     .677546
     pid_d_5 |    .307198   .2056023     1.49   0.137    -.0982659    .7126619
     pid_d_6 |   .1285033   .2134755     0.60   0.548    -.2924874    .5494939
     pid_d_7 |   .5063228   .0788646     6.42   0.000     .3507957      .66185
     pid_d_8 |     .45418   .1930997     2.35   0.020     .0733722    .8349878
     pid_d_9 |   .0150072   .1906192     0.08   0.937    -.3609089    .3909232
    pid_d_10 |   .2055008   .1695362     1.21   0.227     -.128838    .5398395
    pid_d_11 |   .2035269   .1991053     1.02   0.308    -.1891245    .5961782
    pid_d_12 |   .4843628   .1040995     4.65   0.000     .2790703    .6896552
    pid_d_13 |   .0629561   .2262011     0.28   0.781    -.3831304    .5090425
    pid_d_14 |   .0866214   .2243143     0.39   0.700     -.355744    .5289869
    pid_d_15 |   .4763493   .1154587     4.13   0.000     .2486556     .704043
    pid_d_16 |   .2353735   .2071932     1.14   0.257    -.1732278    .6439748
    pid_d_17 |   .0687632   .1959909     0.35   0.726    -.3177464    .4552728
    pid_d_18 |   .0094923    .206504     0.05   0.963    -.3977498    .4167344
    pid_d_19 |   .2031696   .1281868     1.58   0.115     -.049625    .4559642
    pid_d_20 |   .6323679   .1944147     3.25   0.001     .2489668    1.015769
    pid_d_21 |   .2432772   .1924195     1.26   0.208    -.1361892    .6227437
    pid_d_22 |   .2354586   .2121977     1.11   0.269     -.183012    .6539293
    pid_d_23 |   .1305799    .237154     0.55   0.583    -.3371065    .5982663
    pid_d_24 |   .1432044   .1458899     0.98   0.328     -.144502    .4309107
    pid_d_25 |   .1089996   .2341625     0.47   0.642    -.3527874    .5707866
    pid_d_26 |   .2810839   .1630837     1.72   0.086      -.04053    .6026978
    pid_d_27 |   .3257032   .1785392     1.82   0.070    -.0263903    .6777967
    pid_d_28 |   .1365025    .193798     0.70   0.482    -.2456825    .5186874
    pid_d_29 |   .9224873   .2272548     4.06   0.000     .4743229    1.370652
    pid_d_30 |   .3470445   .2071367     1.68   0.095    -.0614455    .7555344
    year_d_2 |   .0192955   .0151925     1.27   0.206    -.0106653    .0492562
    year_d_3 |   .0155856   .0198834     0.78   0.434     -.023626    .0547972
    year_d_4 |   .0487997   .0240268     2.03   0.044     .0014169    .0961825
    year_d_5 |   .0843367   .0289586     2.91   0.004      .027228    .1414454
    year_d_6 |     .10131   .0345135     2.94   0.004     .0332468    .1693733
    year_d_7 |   .1252799   .0352017     3.56   0.000     .0558594    .1947005
    year_d_8 |   .1399828   .0375767     3.73   0.000     .0658786     .214087
       _cons |   1.012556   .4141542     2.44   0.015     .1958108      1.8293
------------------------------------------------------------------------------


Diagnostic tests for spatial dependence in OLS regression


Fitted model
------------------------------------------------------------
eff = lntl + ind + urb + rd + open + es + pid_d_2 +
      pid_d_3 + pid_d_4 + pid_d_5 + pid_d_6 + pid_d_7 +
      pid_d_8 + pid_d_9 + pid_d_10 + pid_d_11 +
      pid_d_12 + pid_d_13 + pid_d_14 + pid_d_15 +
      pid_d_16 + pid_d_17 + pid_d_18 + pid_d_19 +
      pid_d_20 + pid_d_21 + pid_d_22 + pid_d_23 +
      pid_d_24 + pid_d_25 + pid_d_26 + pid_d_27 +
      pid_d_28 + pid_d_29 + pid_d_30 + year_d_2 +
      year_d_3 + year_d_4 + year_d_5 + year_d_6 +
      year_d_7 + year_d_8
------------------------------------------------------------

Weights matrix
------------------------------------------------------------
Name: __000001
Type: Imported (non-binary)
Row-standardized: Yes
------------------------------------------------------------

Diagnostics
------------------------------------------------------------
Test                           |  Statistic    df   p-value
-------------------------------+----------------------------
Spatial error:                 |
  Moran's I                    |     2.499      1    0.012
  Lagrange multiplier          |     2.980      1    0.084
  Robust Lagrange multiplier   |     2.293      1    0.130
                               |
Spatial lag:                   |
  Lagrange multiplier          |     0.914      1    0.339
  Robust Lagrange multiplier   |     0.227      1    0.634
------------------------------------------------------------



matrices:
              r(stats) :  5 x 3

r(stats)[5,3]
             stat         df    p-value
 Moran  2.4985686          1   .0124696
 LMerr  2.9797078          1  .08431449
RLMerr  2.2927069          1  .12998306
 LMlag  .91411951          1  .33902375
RLMlag  .22711853          1  .63366868
      name:  lm_adjacency_01
       log:  C:\Users\abc0x7f\Desktop\PRO\统计建模\outputs/回归分析/70_空间权重
> 矩阵检验/stata/LM_adjacency_01.log
  log type:  text
 closed on:   6 May 2026, 21:15:15
-------------------------------------------------------------------------------
