-------------------------------------------------------------------------------
      name:  sdm_economic_geo_nested
       log:  C:\Users\abc0x7f\Desktop\PRO\统计建模\outputs/回归分析/70_空间权重
> 矩阵检验/stata/模型结果_economic_geo_nested.log
  log type:  text
 opened on:   6 May 2026, 09:42:42
============================================
矩阵：经济地理嵌套矩阵（省会版） (economic_geo_nested)
SDM 个体 / 时间 / 双固定估计
============================================
(results ind_economic_geo_nested are active now)
------------------------------------------------------------------------------
         eff | Coefficient  Std. err.      z    P>|z|     [95% conf. interval]
-------------+----------------------------------------------------------------
Main         |
        lntl |   .1020922   .0655637     1.56   0.119    -.0264102    .2305947
         ind |   .0448848   .1162643     0.39   0.699     -.182989    .2727587
         urb |  -1.508941   .4103672    -3.68   0.000    -2.313246   -.7046357
          rd |    6.44023   2.499344     2.58   0.010     1.541607    11.33885
        open |   .4049254   .0984784     4.11   0.000     .2119112    .5979396
          es |   -.095775   .1312889    -0.73   0.466    -.3530965    .1615465
-------------+----------------------------------------------------------------
Wx           |
        lntl |   .0726703   .1402187     0.52   0.604    -.2021533     .347494
         ind |  -.3299055   .4911929    -0.67   0.502    -1.292626    .6328149
         urb |  -1.684479   1.430868    -1.18   0.239    -4.488928    1.119969
          rd |   26.33044   9.158529     2.87   0.004     8.380057    44.28083
        open |   .0743278   .4269394     0.17   0.862     -.762458    .9111137
          es |  -.7351153   .6156258    -1.19   0.232     -1.94172    .4714892
-------------+----------------------------------------------------------------
Spatial      |
         rho |   .0411044   .2041115     0.20   0.840    -.3589467    .4411555
-------------+----------------------------------------------------------------
Variance     |
    sigma2_e |   .0021659   .0001977    10.95   0.000     .0017784    .0025534
------------------------------------------------------------------------------
(results time_economic_geo_nested are active now)
------------------------------------------------------------------------------
         eff | Coefficient  Std. err.      z    P>|z|     [95% conf. interval]
-------------+----------------------------------------------------------------
Main         |
        lntl |   .1573562   .0508015     3.10   0.002     .0577872    .2569253
         ind |   -.306393   .1722852    -1.78   0.075    -.6440658    .0312798
         urb |    .320848   .1880028     1.71   0.088    -.0476308    .6893268
          rd |   1.477596   1.762532     0.84   0.402    -1.976903    4.932095
        open |  -.4092602   .1376479    -2.97   0.003    -.6790451   -.1394753
          es |  -.9305385   .1077383    -8.64   0.000    -1.141702   -.7193753
-------------+----------------------------------------------------------------
Wx           |
        lntl |   2.036366   .2888926     7.05   0.000     1.470147    2.602585
         ind |  -5.480198   1.085112    -5.05   0.000    -7.606978   -3.353418
         urb |  -8.374944   1.182671    -7.08   0.000    -10.69294   -6.056951
          rd |   9.820868   12.19234     0.81   0.421    -14.07568    33.71741
        open |  -4.386476   .7591972    -5.78   0.000    -5.874475   -2.898477
          es |  -2.951614   .8719633    -3.39   0.001    -4.660631   -1.242598
-------------+----------------------------------------------------------------
Spatial      |
         rho |  -.2149447   .2524414    -0.85   0.395    -.7097208    .2798313
-------------+----------------------------------------------------------------
Variance     |
    sigma2_e |   .0178441   .0016353    10.91   0.000      .014639    .0210493
------------------------------------------------------------------------------
(results both_economic_geo_nested are active now)
------------------------------------------------------------------------------
         eff | Coefficient  Std. err.      z    P>|z|     [95% conf. interval]
-------------+----------------------------------------------------------------
Main         |
        lntl |   .0562412   .0677937     0.83   0.407     -.076632    .1891145
         ind |   .1028987   .1286728     0.80   0.424    -.1492954    .3550927
         urb |  -1.156307   .4347764    -2.66   0.008    -2.008453   -.3041605
          rd |   5.991797   2.523106     2.37   0.018     1.046599    10.93699
        open |   .4539916   .1004099     4.52   0.000     .2571919    .6507914
          es |  -.0363003   .1336721    -0.27   0.786    -.2982928    .2256921
-------------+----------------------------------------------------------------
Wx           |
        lntl |    .680401   .3612896     1.88   0.060    -.0277137    1.388516
         ind |   .3716517   .7863604     0.47   0.636    -1.169586     1.91289
         urb |   -4.16651   2.191539    -1.90   0.057    -8.461846     .128827
          rd |   22.79767   16.41192     1.39   0.165    -9.369096    54.96445
        open |   1.295131   .6254214     2.07   0.038     .0693276    2.520935
          es |  -.2420239   .9093404    -0.27   0.790    -2.024298    1.540251
-------------+----------------------------------------------------------------
Spatial      |
         rho |  -.2092664   .2497115    -0.84   0.402    -.6986919    .2801591
-------------+----------------------------------------------------------------
Variance     |
    sigma2_e |   .0020598   .0001888    10.91   0.000     .0016898    .0024299
------------------------------------------------------------------------------
--------------------------------------------
LR 检验
--------------------------------------------

Likelihood-ratio test
Assumption: ind_economic~d nested within both_economi~d

 LR chi2(7) =  12.07
Prob > chi2 = 0.0982

Likelihood-ratio test
Assumption: time_economi~d nested within both_economi~d

LR chi2(29) = 518.28
Prob > chi2 = 0.0000
--------------------------------------------
Wald 检验
--------------------------------------------

 ( 1)  [Wx]lntl = 0
 ( 2)  [Wx]ind = 0
 ( 3)  [Wx]urb = 0
 ( 4)  [Wx]rd = 0
 ( 5)  [Wx]open = 0
 ( 6)  [Wx]es = 0

           chi2(  6) =   15.09
         Prob > chi2 =    0.0196

  (1)  [Wx]lntl = -[Spatial]rho*[Main]lntl
  (2)  [Wx]ind = -[Spatial]rho*[Main]ind
  (3)  [Wx]urb = -[Spatial]rho*[Main]urb
  (4)  [Wx]rd = -[Spatial]rho*[Main]rd
  (5)  [Wx]open = -[Spatial]rho*[Main]open
  (6)  [Wx]es = -[Spatial]rho*[Main]es

               chi2(6) =       15.09
           Prob > chi2 =        0.0196
      name:  sdm_economic_geo_nested
       log:  C:\Users\abc0x7f\Desktop\PRO\统计建模\outputs/回归分析/70_空间权重
> 矩阵检验/stata/模型结果_economic_geo_nested.log
  log type:  text
 closed on:   6 May 2026, 09:42:45
-------------------------------------------------------------------------------
