-------------------------------------------------------------------------------
      name:  sdm_adjacency_01
       log:  C:\Users\abc0x7f\Desktop\PRO\统计建模\outputs/回归分析/70_空间权重
> 矩阵检验/stata/模型结果_adjacency_01.log
  log type:  text
 opened on:   6 May 2026, 21:15:15
============================================
矩阵：0-1邻接矩阵 (adjacency_01)
SDM 个体 / 时间 / 双固定估计
============================================
(results ind_adjacency_01 are active now)
------------------------------------------------------------------------------
         eff | Coefficient  Std. err.      z    P>|z|     [95% conf. interval]
-------------+----------------------------------------------------------------
Main         |
        lntl |   .3349215    .074175     4.52   0.000     .1895413    .4803018
         ind |     .02573   .1064865     0.24   0.809    -.1829798    .2344397
         urb |  -1.649532   .4290662    -3.84   0.000    -2.490486   -.8085775
          rd |    6.71168    2.45818     2.73   0.006     1.893736    11.52962
        open |   .4395455   .0906334     4.85   0.000     .2619073    .6171837
          es |  -.0155266   .1286423    -0.12   0.904    -.2676609    .2366078
-------------+----------------------------------------------------------------
Wx           |
        lntl |   -.345572   .0911018    -3.79   0.000    -.5241282   -.1670158
         ind |  -.3032589   .1951451    -1.55   0.120    -.6857363    .0792185
         urb |   1.103656   .5677343     1.94   0.052    -.0090833    2.216394
          rd |   7.941124   4.047719     1.96   0.050     .0077413    15.87451
        open |   .3881657   .1553732     2.50   0.012     .0836398    .6926916
          es |   .0179596   .2141121     0.08   0.933    -.4016924    .4376115
-------------+----------------------------------------------------------------
Spatial      |
         rho |   .2411077   .0860815     2.80   0.005     .0723912    .4098243
-------------+----------------------------------------------------------------
Variance     |
    sigma2_e |   .0019748   .0001814    10.88   0.000     .0016192    .0023304
------------------------------------------------------------------------------
(results time_adjacency_01 are active now)
------------------------------------------------------------------------------
         eff | Coefficient  Std. err.      z    P>|z|     [95% conf. interval]
-------------+----------------------------------------------------------------
Main         |
        lntl |   .0516275   .0493561     1.05   0.296    -.0451086    .1483636
         ind |  -.1883669   .1507388    -1.25   0.211    -.4838094    .1070757
         urb |   1.277505   .2296373     5.56   0.000     .8274245    1.727586
          rd |   6.514635   1.635107     3.98   0.000     3.309884    9.719387
        open |  -.7246068   .1316527    -5.50   0.000    -.9826414   -.4665723
          es |  -.6923934   .1083195    -6.39   0.000    -.9046958   -.4800911
-------------+----------------------------------------------------------------
Wx           |
        lntl |   .5479986   .0949601     5.77   0.000     .3618803    .7341169
         ind |  -2.413563   .3443066    -7.01   0.000    -3.088392   -1.738735
         urb |  -2.338694    .342781    -6.82   0.000    -3.010533   -1.666856
          rd |  -21.58214    3.86034    -5.59   0.000    -29.14826   -14.01601
        open |   .4143512   .1976895     2.10   0.036     .0268869    .8018155
          es |  -.4840303   .2372211    -2.04   0.041    -.9489751   -.0190854
-------------+----------------------------------------------------------------
Spatial      |
         rho |  -.2147551   .0981609    -2.19   0.029    -.4071469   -.0223634
-------------+----------------------------------------------------------------
Variance     |
    sigma2_e |   .0169836   .0015593    10.89   0.000     .0139274    .0200397
------------------------------------------------------------------------------
(results both_adjacency_01 are active now)
------------------------------------------------------------------------------
         eff | Coefficient  Std. err.      z    P>|z|     [95% conf. interval]
-------------+----------------------------------------------------------------
Main         |
        lntl |   .3300765   .0730602     4.52   0.000     .1868811    .4732719
         ind |   .0862273   .1139731     0.76   0.449    -.1371558    .3096104
         urb |   -1.74336    .426335    -4.09   0.000    -2.578962   -.9077592
          rd |   4.740792   2.500646     1.90   0.058    -.1603834    9.641967
        open |   .5003855   .0930477     5.38   0.000     .3180154    .6827557
          es |   .0215103   .1299439     0.17   0.869    -.2331751    .2761958
-------------+----------------------------------------------------------------
Wx           |
        lntl |  -.3653991   .1073237    -3.40   0.001    -.5757498   -.1550485
         ind |  -.0514197   .2422525    -0.21   0.832    -.5262258    .4233864
         urb |  -.5117198   .7619259    -0.67   0.502    -2.005067    .9816276
          rd |   4.054757   5.577476     0.73   0.467    -6.876895    14.98641
        open |   .5297721   .1699367     3.12   0.002     .1967023    .8628418
          es |   .1330203   .2581037     0.52   0.606    -.3728537    .6388943
-------------+----------------------------------------------------------------
Spatial      |
         rho |   .1609587   .0925883     1.74   0.082     -.020511    .3424284
-------------+----------------------------------------------------------------
Variance     |
    sigma2_e |    .001891   .0001733    10.91   0.000     .0015514    .0022306
------------------------------------------------------------------------------
--------------------------------------------
LR 检验
--------------------------------------------

Likelihood-ratio test
Assumption: ind_adjacen~01 nested within both_adjace~01

 LR chi2(7) =  12.48
Prob > chi2 = 0.0857

Likelihood-ratio test
Assumption: time_adjace~01 nested within both_adjace~01

LR chi2(29) = 527.75
Prob > chi2 = 0.0000
--------------------------------------------
Wald 检验
--------------------------------------------

 ( 1)  [Wx]lntl = 0
 ( 2)  [Wx]ind = 0
 ( 3)  [Wx]urb = 0
 ( 4)  [Wx]rd = 0
 ( 5)  [Wx]open = 0
 ( 6)  [Wx]es = 0

           chi2(  6) =   32.36
         Prob > chi2 =    0.0000

  (1)  [Wx]lntl = -[Spatial]rho*[Main]lntl
  (2)  [Wx]ind = -[Spatial]rho*[Main]ind
  (3)  [Wx]urb = -[Spatial]rho*[Main]urb
  (4)  [Wx]rd = -[Spatial]rho*[Main]rd
  (5)  [Wx]open = -[Spatial]rho*[Main]open
  (6)  [Wx]es = -[Spatial]rho*[Main]es

               chi2(6) =       31.28
           Prob > chi2 =        0.0000
      name:  sdm_adjacency_01
       log:  C:\Users\abc0x7f\Desktop\PRO\统计建模\outputs/回归分析/70_空间权重
> 矩阵检验/stata/模型结果_adjacency_01.log
  log type:  text
 closed on:   6 May 2026, 21:15:19
-------------------------------------------------------------------------------
