-------------------------------------------------------------------------------
      name:  sdm_economic_inv
       log:  C:\Users\abc0x7f\Desktop\PRO\统计建模\outputs/回归分析/70_空间权重
> 矩阵检验/stata/模型结果_economic_inv.log
  log type:  text
 opened on:   6 May 2026, 09:42:37
============================================
矩阵：经济倒数权重矩阵 (economic_inv)
SDM 个体 / 时间 / 双固定估计
============================================
(results ind_economic_inv are active now)
------------------------------------------------------------------------------
         eff | Coefficient  Std. err.      z    P>|z|     [95% conf. interval]
-------------+----------------------------------------------------------------
Main         |
        lntl |   .0019359   .0616119     0.03   0.975    -.1188213    .1226931
         ind |   .1114226   .1112173     1.00   0.316    -.1065593    .3294045
         urb |  -2.069616   .3305982    -6.26   0.000    -2.717576   -1.421655
          rd |   8.039277     2.3451     3.43   0.001     3.442966    12.63559
        open |    .454759   .0907788     5.01   0.000     .2768359    .6326821
          es |  -.0815755   .1309329    -0.62   0.533    -.3381994    .1750483
-------------+----------------------------------------------------------------
Wx           |
        lntl |   .1710375   .0943205     1.81   0.070    -.0138272    .3559022
         ind |  -.1379796   .2505918    -0.55   0.582    -.6291305    .3531713
         urb |   -.262334    .590325    -0.44   0.657     -1.41935    .8946818
          rd |   15.48359   5.000964     3.10   0.002     5.681876     25.2853
        open |  -.2668139   .2139765    -1.25   0.212    -.6862002    .1525723
          es |  -.8912388   .2832189    -3.15   0.002    -1.446338     -.33614
-------------+----------------------------------------------------------------
Spatial      |
         rho |   .0192542   .1120699     0.17   0.864    -.2003988    .2389073
-------------+----------------------------------------------------------------
Variance     |
    sigma2_e |   .0020347   .0001857    10.95   0.000     .0016706    .0023987
------------------------------------------------------------------------------
(results time_economic_inv are active now)
------------------------------------------------------------------------------
         eff | Coefficient  Std. err.      z    P>|z|     [95% conf. interval]
-------------+----------------------------------------------------------------
Main         |
        lntl |   .0580732   .0425352     1.37   0.172    -.0252944    .1414407
         ind |    .066662   .1478679     0.45   0.652    -.2231539    .3564778
         urb |   .2453024   .2167686     1.13   0.258    -.1795563    .6701612
          rd |   2.679033   1.596848     1.68   0.093    -.4507325    5.808798
        open |  -.1298559   .1180107    -1.10   0.271    -.3611525    .1014408
          es |  -.7877651    .104578    -7.53   0.000    -.9927342    -.582796
-------------+----------------------------------------------------------------
Wx           |
        lntl |   .4338145    .100911     4.30   0.000     .2360326    .6315964
         ind |   .5843312   .4497423     1.30   0.194    -.2971474     1.46581
         urb |   .2160365   .5076408     0.43   0.670    -.7789212    1.210994
          rd |  -11.88202   4.281869    -2.77   0.006    -20.27433   -3.489705
        open |  -.8353191   .2634423    -3.17   0.002    -1.351657   -.3189817
          es |   .0387869   .3318373     0.12   0.907    -.6116023    .6891761
-------------+----------------------------------------------------------------
Spatial      |
         rho |   .5593201   .0895444     6.25   0.000     .3838163    .7348239
-------------+----------------------------------------------------------------
Variance     |
    sigma2_e |   .0172869   .0016669    10.37   0.000     .0140199    .0205539
------------------------------------------------------------------------------
(results both_economic_inv are active now)
------------------------------------------------------------------------------
         eff | Coefficient  Std. err.      z    P>|z|     [95% conf. interval]
-------------+----------------------------------------------------------------
Main         |
        lntl |   .0349996    .059328     0.59   0.555    -.0812812    .1512803
         ind |    .031259   .1173608     0.27   0.790    -.1987639    .2612818
         urb |  -2.031159   .3243241    -6.26   0.000    -2.666822   -1.395495
          rd |    5.11447   2.395437     2.14   0.033     .4195005     9.80944
        open |   .4252409    .091386     4.65   0.000     .2461276    .6043542
          es |  -.0641364   .1253438    -0.51   0.609    -.3098058     .181533
-------------+----------------------------------------------------------------
Wx           |
        lntl |   .7706416   .1553848     4.96   0.000     .4660931     1.07519
         ind |  -.2093168   .3069699    -0.68   0.495    -.8109668    .3923332
         urb |   .0833066   .8925418     0.09   0.926    -1.666043    1.832656
          rd |  -.3072536   6.452132    -0.05   0.962     -12.9532    12.33869
        open |  -.1215587   .2602951    -0.47   0.640    -.6317277    .3886104
          es |   -1.20902   .3029009    -3.99   0.000    -1.802695   -.6153447
-------------+----------------------------------------------------------------
Spatial      |
         rho |  -.1565313   .1198196    -1.31   0.191    -.3913734    .0783107
-------------+----------------------------------------------------------------
Variance     |
    sigma2_e |   .0018223   .0001668    10.93   0.000     .0014955    .0021492
------------------------------------------------------------------------------
--------------------------------------------
LR 检验
--------------------------------------------

Likelihood-ratio test
Assumption: ind_economic~v nested within both_economi~v

 LR chi2(7) =  25.48
Prob > chi2 = 0.0006

Likelihood-ratio test
Assumption: time_economi~v nested within both_economi~v

LR chi2(29) = 550.42
Prob > chi2 = 0.0000
--------------------------------------------
Wald 检验
--------------------------------------------

 ( 1)  [Wx]lntl = 0
 ( 2)  [Wx]ind = 0
 ( 3)  [Wx]urb = 0
 ( 4)  [Wx]rd = 0
 ( 5)  [Wx]open = 0
 ( 6)  [Wx]es = 0

           chi2(  6) =   47.93
         Prob > chi2 =    0.0000

  (1)  [Wx]lntl = -[Spatial]rho*[Main]lntl
  (2)  [Wx]ind = -[Spatial]rho*[Main]ind
  (3)  [Wx]urb = -[Spatial]rho*[Main]urb
  (4)  [Wx]rd = -[Spatial]rho*[Main]rd
  (5)  [Wx]open = -[Spatial]rho*[Main]open
  (6)  [Wx]es = -[Spatial]rho*[Main]es

               chi2(6) =       45.85
           Prob > chi2 =        0.0000
      name:  sdm_economic_inv
       log:  C:\Users\abc0x7f\Desktop\PRO\统计建模\outputs/回归分析/70_空间权重
> 矩阵检验/stata/模型结果_economic_inv.log
  log type:  text
 closed on:   6 May 2026, 09:42:38
-------------------------------------------------------------------------------
