-------------------------------------------------------------------------------
      name:  sdm_geographic_inv
       log:  C:\Users\abc0x7f\Desktop\PRO\统计建模\outputs/回归分析/70_空间权重
> 矩阵检验/stata/模型结果_geographic_inv.log
  log type:  text
 opened on:   6 May 2026, 09:42:39
============================================
矩阵：地理距离倒数矩阵（省会版） (geographic_inv)
SDM 个体 / 时间 / 双固定估计
============================================
(results ind_geographic_inv are active now)
------------------------------------------------------------------------------
         eff | Coefficient  Std. err.      z    P>|z|     [95% conf. interval]
-------------+----------------------------------------------------------------
Main         |
        lntl |   .1494747   .0639796     2.34   0.019      .024077    .2748724
         ind |   .0224255   .1177458     0.19   0.849    -.2083521     .253203
         urb |  -1.530496   .4395178    -3.48   0.000    -2.391935   -.6690565
          rd |   6.835003   2.527626     2.70   0.007     1.880947    11.78906
        open |   .4117418   .1035683     3.98   0.000     .2087517     .614732
          es |  -.1121505   .1316743    -0.85   0.394    -.3702273    .1459264
-------------+----------------------------------------------------------------
Wx           |
        lntl |  -.0071551   .1413046    -0.05   0.960     -.284107    .2697967
         ind |  -.1627817   .4799345    -0.34   0.734    -1.103436    .7778727
         urb |  -.5258022   1.589049    -0.33   0.741    -3.640281    2.588676
          rd |   20.45849   9.128144     2.24   0.025     2.567652    38.34932
        open |   .2130047   .4381358     0.49   0.627    -.6457256    1.071735
          es |  -.2910847   .6719347    -0.43   0.665    -1.608052    1.025883
-------------+----------------------------------------------------------------
Spatial      |
         rho |   .0600027   .1987476     0.30   0.763    -.3295354    .4495408
-------------+----------------------------------------------------------------
Variance     |
    sigma2_e |   .0022096   .0002017    10.95   0.000     .0018142     .002605
------------------------------------------------------------------------------
(results time_geographic_inv are active now)
------------------------------------------------------------------------------
         eff | Coefficient  Std. err.      z    P>|z|     [95% conf. interval]
-------------+----------------------------------------------------------------
Main         |
        lntl |   .2164941   .0502747     4.31   0.000     .1179575    .3150308
         ind |  -.3601228   .1683774    -2.14   0.032    -.6901364   -.0301093
         urb |    .447346   .2209569     2.02   0.043     .0142783    .8804136
          rd |    3.15923   1.691879     1.87   0.062    -.1567911    6.475252
        open |  -.5709844   .1618081    -3.53   0.000    -.8881225   -.2538463
          es |   -.869999   .1181312    -7.36   0.000    -1.101532   -.6384661
-------------+----------------------------------------------------------------
Wx           |
        lntl |   1.381852   .3243501     4.26   0.000     .7461373    2.017566
         ind |  -5.609917   1.154886    -4.86   0.000    -7.873452   -3.346382
         urb |  -6.797132    1.04533    -6.50   0.000    -8.845942   -4.748323
          rd |    5.80048   13.24118     0.44   0.661    -20.15175    31.75271
        open |    -2.0954   .9563382    -2.19   0.028    -3.969789   -.2210119
          es |   1.491163    1.35509     1.10   0.271    -1.164765    4.147091
-------------+----------------------------------------------------------------
Spatial      |
         rho |  -.7046979   .2888273    -2.44   0.015    -1.270789   -.1386068
-------------+----------------------------------------------------------------
Variance     |
    sigma2_e |    .018737   .0017338    10.81   0.000     .0153388    .0221352
------------------------------------------------------------------------------
(results both_geographic_inv are active now)
------------------------------------------------------------------------------
         eff | Coefficient  Std. err.      z    P>|z|     [95% conf. interval]
-------------+----------------------------------------------------------------
Main         |
        lntl |   .1252878   .0655478     1.91   0.056    -.0031836    .2537592
         ind |   .0949448   .1290427     0.74   0.462    -.1579742    .3478639
         urb |  -1.206387   .4543283    -2.66   0.008    -2.096854   -.3159199
          rd |    6.25439   2.505554     2.50   0.013     1.343594    11.16519
        open |   .4370164   .1057128     4.13   0.000     .2298231    .6442097
          es |  -.0247131    .137557    -0.18   0.857    -.2943198    .2448936
-------------+----------------------------------------------------------------
Wx           |
        lntl |   .3062948   .3755663     0.82   0.415    -.4298015    1.042391
         ind |   .6389671   .7732877     0.83   0.409     -.876649    2.154583
         urb |  -4.451071    2.25922    -1.97   0.049     -8.87906   -.0230816
          rd |    8.63656   15.85655     0.54   0.586     -22.4417    39.71483
        open |    1.23476   .6230055     1.98   0.047     .0136918    2.455828
          es |   1.075685   1.196504     0.90   0.369     -1.26942    3.420789
-------------+----------------------------------------------------------------
Spatial      |
         rho |  -.3062686   .2616045    -1.17   0.242    -.8190039    .2064668
-------------+----------------------------------------------------------------
Variance     |
    sigma2_e |   .0020695   .0001885    10.98   0.000        .0017    .0024391
------------------------------------------------------------------------------
--------------------------------------------
LR 检验
--------------------------------------------

Likelihood-ratio test
Assumption: ind_geograph~v nested within both_geograp~v

 LR chi2(7) =  13.53
Prob > chi2 = 0.0602

Likelihood-ratio test
Assumption: time_geograp~v nested within both_geograp~v

LR chi2(29) = 531.72
Prob > chi2 = 0.0000
--------------------------------------------
Wald 检验
--------------------------------------------

 ( 1)  [Wx]lntl = 0
 ( 2)  [Wx]ind = 0
 ( 3)  [Wx]urb = 0
 ( 4)  [Wx]rd = 0
 ( 5)  [Wx]open = 0
 ( 6)  [Wx]es = 0

           chi2(  6) =   12.19
         Prob > chi2 =    0.0580

  (1)  [Wx]lntl = -[Spatial]rho*[Main]lntl
  (2)  [Wx]ind = -[Spatial]rho*[Main]ind
  (3)  [Wx]urb = -[Spatial]rho*[Main]urb
  (4)  [Wx]rd = -[Spatial]rho*[Main]rd
  (5)  [Wx]open = -[Spatial]rho*[Main]open
  (6)  [Wx]es = -[Spatial]rho*[Main]es

               chi2(6) =       11.44
           Prob > chi2 =        0.0757
      name:  sdm_geographic_inv
       log:  C:\Users\abc0x7f\Desktop\PRO\统计建模\outputs/回归分析/70_空间权重
> 矩阵检验/stata/模型结果_geographic_inv.log
  log type:  text
 closed on:   6 May 2026, 09:42:41
-------------------------------------------------------------------------------
