
  ___  ____  ____  ____  ____ ®
 /__    /   ____/   /   ____/      StataNow 19.5
___/   /   /___/   /   /___/       MP—Parallel Edition

 Statistics and Data Science       Copyright 1985-2025 StataCorp LLC
                                   StataCorp
                                   4905 Lakeway Drive
                                   College Station, Texas 77845 USA
                                   800-782-8272        https://www.stata.com
                                   979-696-4600        service@stata.com

Stata license: Single-user 16-core  perpetual
Serial number: 3851871377
  Licensed to: abc0xff
               HP

Notes:
      1. Stata is running in batch mode.
      2. Unicode is supported; see help unicode_advice.
      3. More than 2 billion observations are allowed; see help obs_advice.
      4. Maximum number of variables is set to 5,000 but can be increased;
          see help set_maxvar.

. do C:\Users\abc0x7f\Desktop\PRO\统计建模\code\空间分析\stata\空间SDM主模型.do
>  

. version 17.0

. clear all

. set more off

. 
. * ============================================================
. * 空间 SDM 主模型估计与效应分解
. * 主模型：经济倒数权重矩阵 + 双固定效应 SDM
. * 对照模型：0-1 邻接矩阵 + 双固定效应 SDM
. * 输出：
. * 1. 主模型系数表
. * 2. 空间效应分解表
. * 3. Stata 日志
. * ============================================================
. 
. global PROJECT_ROOT "C:/Users/abc0x7f/Desktop/PRO/统计建模"

. cd "${PROJECT_ROOT}"
C:\Users\abc0x7f\Desktop\PRO\统计建模

. 
. global DATA_FILE   "data/最终数据/第二阶段_基础.csv"

. global W_ADJ_FILE  "data/最终数据/省际01邻接矩阵.csv"

. global W_ECO_FILE  "data/最终数据/省际经济距离矩阵.csv"

. global W_GEO_INV_FILE "data/最终数据/省际地理距离倒数矩阵_省会版.csv"

. global W_ECO_GEO_NEST_FILE "data/最终数据/省际经济地理嵌套矩阵_省会版.csv"

. global OUT_DIR     "outputs/回归分析/80_空间SDM主模型"

. global STATA_DIR   "${OUT_DIR}/stata"

. 
. cap mkdir "${OUT_DIR}"

. cap mkdir "${STATA_DIR}"

. cap log close _all

. log using "${STATA_DIR}/空间SDM主模型总日志.log", text replace
-------------------------------------------------------------------------------
      name:  <unnamed>
       log:  C:\Users\abc0x7f\Desktop\PRO\统计建模\outputs/回归分析/80_空间SDM
> 主模型/stata/空间SDM主模型总日志.log
  log type:  text
 opened on:   6 May 2026, 09:43:07

. 
. cap which xsmle

. if _rc {
.     display as error "未检测到 xsmle。请先执行：ssc install xsmle, replace"
.     exit 499
. }

. 
. * ------------------------------
. * 1. Mata 辅助函数
. * ------------------------------
. mata:
------------------------------------------------- mata (type end to exit) -----
: real matrix row_normalize(real matrix W)
> {
>     real scalar i, s
>     real matrix R
> 
>     R = W
>     for (i = 1; i <= rows(R); i++) {
>         s = sum(R[i,])
>         if (s != 0) {
>             R[i,] = R[i,] :/ s
>         }
>     }
>     return(R)
> }

: end
-------------------------------------------------------------------------------

. 
. * ------------------------------
. * 2. 读取空间矩阵
. * ------------------------------
. capture program drop build_w_matrix

. program define build_w_matrix, rclass
  1.     syntax , WFILE(string) WNAME(name)
  2. 
.     preserve
  3.         import delimited using "`wfile'", clear varnames(1) encoding(utf8)
>  stringcols(1)
  4.         drop province
  5.         unab wvars : _all
  6.         mkmat `wvars', matrix(`wname'_raw)
  7.     restore
  8. 
.     mata: st_matrix("`wname'", row_normalize(st_matrix("`wname'_raw")))
  9.     matrix drop `wname'_raw
 10.     return local wname "`wname'"
 11. end

. 
. * ------------------------------
. * 3. 主面板数据
. * ------------------------------
. tempfile panel_raw

. import delimited using "${DATA_FILE}", clear varnames(1) encoding(utf8)
(9 vars, 240 obs)

. keep province year eff lntl ind urb rd open es

. drop if missing(province, year, eff, lntl, ind, urb, rd, open, es)
(0 observations deleted)

. replace province = trim(province)
(0 real changes made)

. destring year eff lntl ind urb rd open es, replace force
year already numeric; no replace
eff already numeric; no replace
lntl already numeric; no replace
ind already numeric; no replace
urb already numeric; no replace
rd already numeric; no replace
open already numeric; no replace
es already numeric; no replace

. sort province year

. save "`panel_raw'", replace
(file C:\Users\abc0x7f\AppData\Local\Temp\ST_5f48_000001.tmp not found)
file C:\Users\abc0x7f\AppData\Local\Temp\ST_5f48_000001.tmp saved as .dta
    format

. global TMP_PANEL_RAW "`panel_raw'"

. 
. * ------------------------------
. * 4. 结果收集表
. * ------------------------------
. tempfile coef_results effect_results

. postfile coef_handle str32 weight_type str20 section str20 variable ///
>     double coef double se double zstat double pvalue double ll double ul ///
>     using "`coef_results'", replace
(file C:\Users\abc0x7f\AppData\Local\Temp\ST_5f48_000002.tmp not found)

. postfile effect_handle str32 weight_type str20 effect_type str20 variable ///
>     double coef double se double zstat double pvalue double ll double ul ///
>     using "`effect_results'", replace
(file C:\Users\abc0x7f\AppData\Local\Temp\ST_5f48_000003.tmp not found)

. 
. * ------------------------------
. * 5. 单个矩阵的模型估计
. * ------------------------------
. capture program drop run_sdm_model

. program define run_sdm_model
  1.     syntax , TAG(string) LABEL(string) WFILE(string)
  2. 
.     tempname W RTAB
  3.     local k = 0
  4. 
.     quietly build_w_matrix, wfile("`wfile'") wname(`W')
  5.     local WNAME "`r(wname)'"
  6. 
.     use "${TMP_PANEL_RAW}", clear
  7.     encode province, gen(pid)
  8.     xtset pid year
  9. 
.     capture log close sdm_`tag'
 10.     log using "${STATA_DIR}/SDM主模型_`tag'.log", text replace name(sdm_`t
> ag')
 11. 
.     display as text "============================================"
 12.     display as text "矩阵：`label' (`tag')"
 13.     display as text "双固定效应 SDM 主模型"
 14.     display as text "============================================"
 15. 
.     quietly xsmle eff lntl ind urb rd open es, ///
>         wmat(`WNAME') model(sdm) fe type(both) effect nolog
 16. 
.     ereturn display
 17.     return list
 18.     matrix `RTAB' = r(table)
 19. 
.     local cnames : colfullnames e(b)
 20.     local k = colsof(`RTAB')
 21. 
.     forvalues j = 1/`k' {
 22.         local token : word `j' of `cnames'
 23.         local clean = subinstr("`token'", ":", " ", .)
 24.         local section : word 1 of `clean'
 25.         local variable : word 2 of `clean'
 26. 
.         scalar b  = `RTAB'[1,`j']
 27.         scalar se = `RTAB'[2,`j']
 28.         scalar zz = `RTAB'[3,`j']
 29.         scalar pp = `RTAB'[4,`j']
 30.         scalar ll = `RTAB'[5,`j']
 31.         scalar ul = `RTAB'[6,`j']
 32. 
.         if inlist("`section'", "Main", "Wx", "Spatial", "Variance") {
 33.             post coef_handle ("`tag'") ("`section'") ("`variable'") ///
>                 (b) (se) (zz) (pp) (ll) (ul)
 34.         }
 35.         else if inlist("`section'", "LR_Direct", "LR_Indirect", "LR_Total"
> ) {
 36.             post effect_handle ("`tag'") ("`section'") ("`variable'") ///
>                 (b) (se) (zz) (pp) (ll) (ul)
 37.         }
 38.     }
 39. 
.     log close sdm_`tag'
 40. end

. 
. * ------------------------------
. * 6. 运行四类矩阵模型
. * ------------------------------
. run_sdm_model, tag(economic_inv) label("经济倒数权重矩阵") wfile("${W_ECO_FIL
> E}")

Panel variable: pid (strongly balanced)
 Time variable: year, 2015 to 2022
         Delta: 1 unit
-------------------------------------------------------------------------------
      name:  sdm_economic_inv
       log:  C:\Users\abc0x7f\Desktop\PRO\统计建模\outputs/回归分析/80_空间SDM
> 主模型/stata/SDM主模型_economic_inv.log
  log type:  text
 opened on:   6 May 2026, 09:43:07
============================================
矩阵：经济倒数权重矩阵 (economic_inv)
双固定效应 SDM 主模型
============================================
------------------------------------------------------------------------------
         eff | Coefficient  Std. err.      z    P>|z|     [95% conf. interval]
-------------+----------------------------------------------------------------
Main         |
        lntl |   .0349996    .059328     0.59   0.555    -.0812812    .1512803
         ind |    .031259   .1173608     0.27   0.790    -.1987639    .2612818
         urb |  -2.031159   .3243241    -6.26   0.000    -2.666822   -1.395495
          rd |    5.11447   2.395437     2.14   0.033     .4195005     9.80944
        open |   .4252409    .091386     4.65   0.000     .2461276    .6043542
          es |  -.0641364   .1253438    -0.51   0.609    -.3098058     .181533
-------------+----------------------------------------------------------------
Wx           |
        lntl |   .7706416   .1553848     4.96   0.000     .4660931     1.07519
         ind |  -.2093168   .3069699    -0.68   0.495    -.8109668    .3923332
         urb |   .0833066   .8925418     0.09   0.926    -1.666043    1.832656
          rd |  -.3072536   6.452132    -0.05   0.962     -12.9532    12.33869
        open |  -.1215587   .2602951    -0.47   0.640    -.6317277    .3886104
          es |   -1.20902   .3029009    -3.99   0.000    -1.802695   -.6153447
-------------+----------------------------------------------------------------
Spatial      |
         rho |  -.1565313   .1198196    -1.31   0.191    -.3913734    .0783107
-------------+----------------------------------------------------------------
Variance     |
    sigma2_e |   .0018223   .0001668    10.93   0.000     .0014955    .0021492
-------------+----------------------------------------------------------------
LR_Direct    |
        lntl |   .0160702    .062113     0.26   0.796     -.105669    .1378095
         ind |   .0322882   .1117857     0.29   0.773    -.1868077    .2513841
         urb |  -2.008343   .3148485    -6.38   0.000    -2.625434   -1.391251
          rd |   5.123056   2.404834     2.13   0.033     .4096686    9.836443
        open |   .4290979   .0883613     4.86   0.000      .255913    .6022828
          es |  -.0221213   .1239595    -0.18   0.858    -.2650775    .2208348
-------------+----------------------------------------------------------------
LR_Indirect  |
        lntl |    .682951   .1443712     4.73   0.000     .3999886    .9659135
         ind |  -.2037961   .2631729    -0.77   0.439    -.7196054    .3120132
         urb |   .4177176   .7580011     0.55   0.582    -1.067937    1.903372
          rd |  -.9132119   5.714106    -0.16   0.873    -12.11265    10.28623
        open |   -.182775   .2260969    -0.81   0.419    -.6259168    .2603667
          es |  -1.056587   .2773942    -3.81   0.000    -1.600269   -.5129038
-------------+----------------------------------------------------------------
LR_Total     |
        lntl |   .6990213   .1370962     5.10   0.000     .4303177    .9677248
         ind |  -.1715079   .3063646    -0.56   0.576    -.7719715    .4289558
         urb |  -1.590625   .7695948    -2.07   0.039    -3.099003   -.0822469
          rd |   4.209844   6.091346     0.69   0.489    -7.728974    16.14866
        open |   .2463229   .2453143     1.00   0.315    -.2344843      .72713
          es |  -1.078708   .2794115    -3.86   0.000    -1.626344   -.5310714
------------------------------------------------------------------------------

matrices:
              r(table) :  9 x 32
      name:  sdm_economic_inv
       log:  C:\Users\abc0x7f\Desktop\PRO\统计建模\outputs/回归分析/80_空间SDM
> 主模型/stata/SDM主模型_economic_inv.log
  log type:  text
 closed on:   6 May 2026, 09:43:09
-------------------------------------------------------------------------------

. run_sdm_model, tag(adjacency_01) label("0-1邻接矩阵") wfile("${W_ADJ_FILE}")

Panel variable: pid (strongly balanced)
 Time variable: year, 2015 to 2022
         Delta: 1 unit
-------------------------------------------------------------------------------
      name:  sdm_adjacency_01
       log:  C:\Users\abc0x7f\Desktop\PRO\统计建模\outputs/回归分析/80_空间SDM
> 主模型/stata/SDM主模型_adjacency_01.log
  log type:  text
 opened on:   6 May 2026, 09:43:09
============================================
矩阵：0-1邻接矩阵 (adjacency_01)
双固定效应 SDM 主模型
============================================
------------------------------------------------------------------------------
         eff | Coefficient  Std. err.      z    P>|z|     [95% conf. interval]
-------------+----------------------------------------------------------------
Main         |
        lntl |   .3300765   .0730602     4.52   0.000     .1868811    .4732719
         ind |   .0862273   .1139731     0.76   0.449    -.1371558    .3096104
         urb |   -1.74336    .426335    -4.09   0.000    -2.578962   -.9077592
          rd |   4.740792   2.500646     1.90   0.058    -.1603834    9.641967
        open |   .5003855   .0930477     5.38   0.000     .3180154    .6827557
          es |   .0215103   .1299439     0.17   0.869    -.2331751    .2761958
-------------+----------------------------------------------------------------
Wx           |
        lntl |  -.3653991   .1073237    -3.40   0.001    -.5757498   -.1550485
         ind |  -.0514197   .2422525    -0.21   0.832    -.5262258    .4233864
         urb |  -.5117198   .7619259    -0.67   0.502    -2.005067    .9816276
          rd |   4.054757   5.577476     0.73   0.467    -6.876895    14.98641
        open |   .5297721   .1699367     3.12   0.002     .1967023    .8628418
          es |   .1330203   .2581037     0.52   0.606    -.3728537    .6388943
-------------+----------------------------------------------------------------
Spatial      |
         rho |   .1609587   .0925883     1.74   0.082     -.020511    .3424284
-------------+----------------------------------------------------------------
Variance     |
    sigma2_e |    .001891   .0001733    10.91   0.000     .0015514    .0022306
-------------+----------------------------------------------------------------
LR_Direct    |
        lntl |   .3207092   .0727544     4.41   0.000     .1781132    .4633052
         ind |   .0795415   .1131397     0.70   0.482    -.1422081    .3012912
         urb |  -1.731457    .398607    -4.34   0.000    -2.512712   -.9502015
          rd |   4.869814   2.453305     1.99   0.047     .0614259    9.678203
        open |   .5220762    .092624     5.64   0.000     .3405365    .7036159
          es |   .0377899   .1321275     0.29   0.775    -.2211753    .2967551
-------------+----------------------------------------------------------------
LR_Indirect  |
        lntl |  -.3651627   .1182151    -3.09   0.002      -.59686   -.1334655
         ind |  -.0583933   .2792253    -0.21   0.834    -.6056648    .4888782
         urb |  -.8885748   .8333267    -1.07   0.286    -2.521865    .7447154
          rd |   6.075588   6.299197     0.96   0.335    -6.270611    18.42179
        open |   .7039264    .201569     3.49   0.000     .3088584    1.098994
          es |    .187317   .3195196     0.59   0.558      -.43893     .813564
-------------+----------------------------------------------------------------
LR_Total     |
        lntl |  -.0444535   .1103776    -0.40   0.687    -.2607896    .1718825
         ind |   .0211482   .3359744     0.06   0.950    -.6373494    .6796459
         urb |  -2.620032   .7838196    -3.34   0.001     -4.15629   -1.083773
          rd |    10.9454   6.783937     1.61   0.107     -2.35087    24.24167
        open |   1.226003   .2460062     4.98   0.000     .7438393    1.708166
          es |   .2251069   .3738903     0.60   0.547    -.5077046    .9579184
------------------------------------------------------------------------------

matrices:
              r(table) :  9 x 32
      name:  sdm_adjacency_01
       log:  C:\Users\abc0x7f\Desktop\PRO\统计建模\outputs/回归分析/80_空间SDM
> 主模型/stata/SDM主模型_adjacency_01.log
  log type:  text
 closed on:   6 May 2026, 09:43:11
-------------------------------------------------------------------------------

. run_sdm_model, tag(geographic_inv) label("地理距离倒数矩阵（省会版）") wfile(
> "${W_GEO_INV_FILE}")

Panel variable: pid (strongly balanced)
 Time variable: year, 2015 to 2022
         Delta: 1 unit
(file
    C:\Users\abc0x7f\Desktop\PRO\统计建模\outputs/回归分析/80_空间SDM主模型/s
    > tata/SDM主模型_geographic_inv.log not found)
-------------------------------------------------------------------------------
      name:  sdm_geographic_inv
       log:  C:\Users\abc0x7f\Desktop\PRO\统计建模\outputs/回归分析/80_空间SDM
> 主模型/stata/SDM主模型_geographic_inv.log
  log type:  text
 opened on:   6 May 2026, 09:43:11
============================================
矩阵：地理距离倒数矩阵（省会版） (geographic_inv)
双固定效应 SDM 主模型
============================================
------------------------------------------------------------------------------
         eff | Coefficient  Std. err.      z    P>|z|     [95% conf. interval]
-------------+----------------------------------------------------------------
Main         |
        lntl |   .1252878   .0655478     1.91   0.056    -.0031836    .2537592
         ind |   .0949448   .1290427     0.74   0.462    -.1579742    .3478639
         urb |  -1.206387   .4543283    -2.66   0.008    -2.096854   -.3159199
          rd |    6.25439   2.505554     2.50   0.013     1.343594    11.16519
        open |   .4370164   .1057128     4.13   0.000     .2298231    .6442097
          es |  -.0247131    .137557    -0.18   0.857    -.2943198    .2448936
-------------+----------------------------------------------------------------
Wx           |
        lntl |   .3062948   .3755663     0.82   0.415    -.4298015    1.042391
         ind |   .6389671   .7732877     0.83   0.409     -.876649    2.154583
         urb |  -4.451071    2.25922    -1.97   0.049     -8.87906   -.0230816
          rd |    8.63656   15.85655     0.54   0.586     -22.4417    39.71483
        open |    1.23476   .6230055     1.98   0.047     .0136918    2.455828
          es |   1.075685   1.196504     0.90   0.369     -1.26942    3.420789
-------------+----------------------------------------------------------------
Spatial      |
         rho |  -.3062686   .2616045    -1.17   0.242    -.8190039    .2064668
-------------+----------------------------------------------------------------
Variance     |
    sigma2_e |   .0020695   .0001885    10.98   0.000        .0017    .0024391
-------------+----------------------------------------------------------------
LR_Direct    |
        lntl |   .1237359   .0700891     1.77   0.077    -.0136362     .261108
         ind |   .0820318    .121866     0.67   0.501    -.1568211    .3208848
         urb |  -1.102899   .4593053    -2.40   0.016    -2.003121   -.2026772
          rd |   6.127831   2.508592     2.44   0.015     1.211081    11.04458
        open |    .420687   .1015289     4.14   0.000     .2216939      .61968
          es |  -.0274057   .1364861    -0.20   0.841    -.2949135    .2401022
-------------+----------------------------------------------------------------
LR_Indirect  |
        lntl |   .2069074   .3086424     0.67   0.503    -.3980205    .8118353
         ind |   .4449608   .6009332     0.74   0.459    -.7328466    1.622768
         urb |  -3.186149   1.737624    -1.83   0.067    -6.591829    .2195314
          rd |   6.238789   13.04852     0.48   0.633    -19.33585    31.81343
        open |   .8872791   .5390457     1.65   0.100     -.169231    1.943789
          es |   .9582159   1.067764     0.90   0.370    -1.134563    3.050995
-------------+----------------------------------------------------------------
LR_Total     |
        lntl |   .3306433   .2818752     1.17   0.241    -.2218218    .8831085
         ind |   .5269927   .6475842     0.81   0.416    -.7422491    1.796234
         urb |  -4.289048   1.543847    -2.78   0.005    -7.314932   -1.263163
          rd |   12.36662   13.14724     0.94   0.347    -13.40149    38.13473
        open |   1.307966   .5718755     2.29   0.022     .1871108    2.428821
          es |   .9308103   1.101095     0.85   0.398    -1.227296    3.088917
------------------------------------------------------------------------------

matrices:
              r(table) :  9 x 32
      name:  sdm_geographic_inv
       log:  C:\Users\abc0x7f\Desktop\PRO\统计建模\outputs/回归分析/80_空间SDM
> 主模型/stata/SDM主模型_geographic_inv.log
  log type:  text
 closed on:   6 May 2026, 09:43:12
-------------------------------------------------------------------------------

. run_sdm_model, tag(economic_geo_nested) label("经济地理嵌套矩阵（省会版）") w
> file("${W_ECO_GEO_NEST_FILE}")

Panel variable: pid (strongly balanced)
 Time variable: year, 2015 to 2022
         Delta: 1 unit
(file
    C:\Users\abc0x7f\Desktop\PRO\统计建模\outputs/回归分析/80_空间SDM主模型/s
    > tata/SDM主模型_economic_geo_nested.log not found)
-------------------------------------------------------------------------------
      name:  sdm_economic_geo_nested
       log:  C:\Users\abc0x7f\Desktop\PRO\统计建模\outputs/回归分析/80_空间SDM
> 主模型/stata/SDM主模型_economic_geo_nested.log
  log type:  text
 opened on:   6 May 2026, 09:43:12
============================================
矩阵：经济地理嵌套矩阵（省会版） (economic_geo_nested)
双固定效应 SDM 主模型
============================================
------------------------------------------------------------------------------
         eff | Coefficient  Std. err.      z    P>|z|     [95% conf. interval]
-------------+----------------------------------------------------------------
Main         |
        lntl |   .0562412   .0677937     0.83   0.407     -.076632    .1891145
         ind |   .1028987   .1286728     0.80   0.424    -.1492954    .3550927
         urb |  -1.156307   .4347764    -2.66   0.008    -2.008453   -.3041605
          rd |   5.991797   2.523106     2.37   0.018     1.046599    10.93699
        open |   .4539916   .1004099     4.52   0.000     .2571919    .6507914
          es |  -.0363003   .1336721    -0.27   0.786    -.2982928    .2256921
-------------+----------------------------------------------------------------
Wx           |
        lntl |    .680401   .3612896     1.88   0.060    -.0277137    1.388516
         ind |   .3716517   .7863604     0.47   0.636    -1.169586     1.91289
         urb |   -4.16651   2.191539    -1.90   0.057    -8.461846     .128827
          rd |   22.79767   16.41192     1.39   0.165    -9.369096    54.96445
        open |   1.295131   .6254214     2.07   0.038     .0693276    2.520935
          es |  -.2420239   .9093404    -0.27   0.790    -2.024298    1.540251
-------------+----------------------------------------------------------------
Spatial      |
         rho |  -.2092664   .2497115    -0.84   0.402    -.6986919    .2801591
-------------+----------------------------------------------------------------
Variance     |
    sigma2_e |   .0020598   .0001888    10.91   0.000     .0016898    .0024299
-------------+----------------------------------------------------------------
LR_Direct    |
        lntl |   .0512492   .0724395     0.71   0.479    -.0907295     .193228
         ind |   .0940059   .1221046     0.77   0.441    -.1453147    .3333264
         urb |  -1.067739   .4390779    -2.43   0.015    -1.928316   -.2071617
          rd |    5.72789     2.5288     2.27   0.024     .7715324    10.68425
        open |   .4403902   .0980682     4.49   0.000     .2481801    .6326002
          es |  -.0221026   .1335697    -0.17   0.869    -.2838944    .2396892
-------------+----------------------------------------------------------------
LR_Indirect  |
        lntl |   .5651222   .3207824     1.76   0.078    -.0635997    1.193844
         ind |   .2510575   .6688372     0.38   0.707    -1.059839    1.561954
         urb |  -3.320852    1.85003    -1.80   0.073    -6.946844    .3051404
          rd |   19.15792   14.92218     1.28   0.199    -10.08901    48.40486
        open |   1.040576   .6123941     1.70   0.089    -.1596943    2.240846
          es |  -.1234841   .8444132    -0.15   0.884    -1.778504    1.531535
-------------+----------------------------------------------------------------
LR_Total     |
        lntl |   .6163714   .2999168     2.06   0.040     .0285454    1.204198
         ind |   .3450634   .7214143     0.48   0.632    -1.068883    1.759009
         urb |   -4.38859   1.679343    -2.61   0.009    -7.680042   -1.097139
          rd |   24.88581   15.19697     1.64   0.102    -4.899705    54.67133
        open |   1.480966   .6396877     2.32   0.021     .2272013    2.734731
          es |  -.1455867   .8673125    -0.17   0.867    -1.845488    1.554315
------------------------------------------------------------------------------

matrices:
              r(table) :  9 x 32
      name:  sdm_economic_geo_nested
       log:  C:\Users\abc0x7f\Desktop\PRO\统计建模\outputs/回归分析/80_空间SDM
> 主模型/stata/SDM主模型_economic_geo_nested.log
  log type:  text
 closed on:   6 May 2026, 09:43:13
-------------------------------------------------------------------------------

. 
. postclose coef_handle

. postclose effect_handle

. 
. use "`coef_results'", clear

. sort weight_type section variable

. export delimited using "${OUT_DIR}/主模型系数表.csv", replace
file outputs/回归分析/80_空间SDM主模型/主模型系数表.csv saved

. save "${STATA_DIR}/主模型系数表.dta", replace
file outputs/回归分析/80_空间SDM主模型/stata/主模型系数表.dta saved

. 
. use "`effect_results'", clear

. sort weight_type effect_type variable

. export delimited using "${OUT_DIR}/空间效应分解表.csv", replace
file outputs/回归分析/80_空间SDM主模型/空间效应分解表.csv saved

. save "${STATA_DIR}/空间效应分解表.dta", replace
file outputs/回归分析/80_空间SDM主模型/stata/空间效应分解表.dta saved

. 
. display as text "============================================"
============================================

. display as text "结果文件已输出："
结果文件已输出：

. display as text "${OUT_DIR}/主模型系数表.csv"
outputs/回归分析/80_空间SDM主模型/主模型系数表.csv

. display as text "${OUT_DIR}/空间效应分解表.csv"
outputs/回归分析/80_空间SDM主模型/空间效应分解表.csv

. display as text "${STATA_DIR}/SDM主模型_*.log"
outputs/回归分析/80_空间SDM主模型/stata/SDM主模型_*.log

. display as text "============================================"
============================================

. 
. log close
      name:  <unnamed>
       log:  C:\Users\abc0x7f\Desktop\PRO\统计建模\outputs/回归分析/80_空间SDM
> 主模型/stata/空间SDM主模型总日志.log
  log type:  text
 closed on:   6 May 2026, 09:43:13
-------------------------------------------------------------------------------

. 
end of do-file
