-------------------------------------------------------------------------------
      name:  sdm_economic_inv
       log:  C:\Users\abc0x7f\Desktop\PRO\统计建模\outputs/回归分析/80_空间SDM
> 主模型/stata/SDM主模型_economic_inv.log
  log type:  text
 opened on:   6 May 2026, 21:15:48
============================================
矩阵：经济倒数权重矩阵 (economic_inv)
双固定效应 SDM 主模型
============================================
------------------------------------------------------------------------------
         eff | Coefficient  Std. err.      z    P>|z|     [95% conf. interval]
-------------+----------------------------------------------------------------
Main         |
        lntl |   .0349996    .059328     0.59   0.555    -.0812812    .1512803
         ind |    .031259   .1173608     0.27   0.790    -.1987639    .2612818
         urb |  -2.031159   .3243241    -6.26   0.000    -2.666822   -1.395495
          rd |    5.11447   2.395437     2.14   0.033     .4195005     9.80944
        open |   .4252409    .091386     4.65   0.000     .2461276    .6043542
          es |  -.0641364   .1253438    -0.51   0.609    -.3098058     .181533
-------------+----------------------------------------------------------------
Wx           |
        lntl |   .7706416   .1553848     4.96   0.000     .4660931     1.07519
         ind |  -.2093168   .3069699    -0.68   0.495    -.8109668    .3923332
         urb |   .0833066   .8925418     0.09   0.926    -1.666043    1.832656
          rd |  -.3072536   6.452132    -0.05   0.962     -12.9532    12.33869
        open |  -.1215587   .2602951    -0.47   0.640    -.6317277    .3886104
          es |   -1.20902   .3029009    -3.99   0.000    -1.802695   -.6153447
-------------+----------------------------------------------------------------
Spatial      |
         rho |  -.1565313   .1198196    -1.31   0.191    -.3913734    .0783107
-------------+----------------------------------------------------------------
Variance     |
    sigma2_e |   .0018223   .0001668    10.93   0.000     .0014955    .0021492
-------------+----------------------------------------------------------------
LR_Direct    |
        lntl |   .0160702    .062113     0.26   0.796     -.105669    .1378095
         ind |   .0322882   .1117857     0.29   0.773    -.1868077    .2513841
         urb |  -2.008343   .3148485    -6.38   0.000    -2.625434   -1.391251
          rd |   5.123056   2.404834     2.13   0.033     .4096686    9.836443
        open |   .4290979   .0883613     4.86   0.000      .255913    .6022828
          es |  -.0221213   .1239595    -0.18   0.858    -.2650775    .2208348
-------------+----------------------------------------------------------------
LR_Indirect  |
        lntl |    .682951   .1443712     4.73   0.000     .3999886    .9659135
         ind |  -.2037961   .2631729    -0.77   0.439    -.7196054    .3120132
         urb |   .4177176   .7580011     0.55   0.582    -1.067937    1.903372
          rd |  -.9132119   5.714106    -0.16   0.873    -12.11265    10.28623
        open |   -.182775   .2260969    -0.81   0.419    -.6259168    .2603667
          es |  -1.056587   .2773942    -3.81   0.000    -1.600269   -.5129038
-------------+----------------------------------------------------------------
LR_Total     |
        lntl |   .6990213   .1370962     5.10   0.000     .4303177    .9677248
         ind |  -.1715079   .3063646    -0.56   0.576    -.7719715    .4289558
         urb |  -1.590625   .7695948    -2.07   0.039    -3.099003   -.0822469
          rd |   4.209844   6.091346     0.69   0.489    -7.728974    16.14866
        open |   .2463229   .2453143     1.00   0.315    -.2344843      .72713
          es |  -1.078708   .2794115    -3.86   0.000    -1.626344   -.5310714
------------------------------------------------------------------------------

matrices:
              r(table) :  9 x 32
      name:  sdm_economic_inv
       log:  C:\Users\abc0x7f\Desktop\PRO\统计建模\outputs/回归分析/80_空间SDM
> 主模型/stata/SDM主模型_economic_inv.log
  log type:  text
 closed on:   6 May 2026, 21:15:49
-------------------------------------------------------------------------------
