-------------------------------------------------------------------------------
      name:  sdm_adjacency_01
       log:  C:\Users\abc0x7f\Desktop\PRO\统计建模\outputs/回归分析/80_空间SDM
> 主模型/stata/SDM主模型_adjacency_01.log
  log type:  text
 opened on:   6 May 2026, 21:15:49
============================================
矩阵：0-1邻接矩阵 (adjacency_01)
双固定效应 SDM 主模型
============================================
------------------------------------------------------------------------------
         eff | Coefficient  Std. err.      z    P>|z|     [95% conf. interval]
-------------+----------------------------------------------------------------
Main         |
        lntl |   .3300765   .0730602     4.52   0.000     .1868811    .4732719
         ind |   .0862273   .1139731     0.76   0.449    -.1371558    .3096104
         urb |   -1.74336    .426335    -4.09   0.000    -2.578962   -.9077592
          rd |   4.740792   2.500646     1.90   0.058    -.1603834    9.641967
        open |   .5003855   .0930477     5.38   0.000     .3180154    .6827557
          es |   .0215103   .1299439     0.17   0.869    -.2331751    .2761958
-------------+----------------------------------------------------------------
Wx           |
        lntl |  -.3653991   .1073237    -3.40   0.001    -.5757498   -.1550485
         ind |  -.0514197   .2422525    -0.21   0.832    -.5262258    .4233864
         urb |  -.5117198   .7619259    -0.67   0.502    -2.005067    .9816276
          rd |   4.054757   5.577476     0.73   0.467    -6.876895    14.98641
        open |   .5297721   .1699367     3.12   0.002     .1967023    .8628418
          es |   .1330203   .2581037     0.52   0.606    -.3728537    .6388943
-------------+----------------------------------------------------------------
Spatial      |
         rho |   .1609587   .0925883     1.74   0.082     -.020511    .3424284
-------------+----------------------------------------------------------------
Variance     |
    sigma2_e |    .001891   .0001733    10.91   0.000     .0015514    .0022306
-------------+----------------------------------------------------------------
LR_Direct    |
        lntl |   .3207092   .0727544     4.41   0.000     .1781132    .4633052
         ind |   .0795415   .1131397     0.70   0.482    -.1422081    .3012912
         urb |  -1.731457    .398607    -4.34   0.000    -2.512712   -.9502015
          rd |   4.869814   2.453305     1.99   0.047     .0614259    9.678203
        open |   .5220762    .092624     5.64   0.000     .3405365    .7036159
          es |   .0377899   .1321275     0.29   0.775    -.2211753    .2967551
-------------+----------------------------------------------------------------
LR_Indirect  |
        lntl |  -.3651627   .1182151    -3.09   0.002      -.59686   -.1334655
         ind |  -.0583933   .2792253    -0.21   0.834    -.6056648    .4888782
         urb |  -.8885748   .8333267    -1.07   0.286    -2.521865    .7447154
          rd |   6.075588   6.299197     0.96   0.335    -6.270611    18.42179
        open |   .7039264    .201569     3.49   0.000     .3088584    1.098994
          es |    .187317   .3195196     0.59   0.558      -.43893     .813564
-------------+----------------------------------------------------------------
LR_Total     |
        lntl |  -.0444535   .1103776    -0.40   0.687    -.2607896    .1718825
         ind |   .0211482   .3359744     0.06   0.950    -.6373494    .6796459
         urb |  -2.620032   .7838196    -3.34   0.001     -4.15629   -1.083773
          rd |    10.9454   6.783937     1.61   0.107     -2.35087    24.24167
        open |   1.226003   .2460062     4.98   0.000     .7438393    1.708166
          es |   .2251069   .3738903     0.60   0.547    -.5077046    .9579184
------------------------------------------------------------------------------

matrices:
              r(table) :  9 x 32
      name:  sdm_adjacency_01
       log:  C:\Users\abc0x7f\Desktop\PRO\统计建模\outputs/回归分析/80_空间SDM
> 主模型/stata/SDM主模型_adjacency_01.log
  log type:  text
 closed on:   6 May 2026, 21:15:52
-------------------------------------------------------------------------------
