-------------------------------------------------------------------------------
      name:  sdm_geographic_inv
       log:  C:\Users\abc0x7f\Desktop\PRO\统计建模\outputs/回归分析/80_空间SDM
> 主模型/stata/SDM主模型_geographic_inv.log
  log type:  text
 opened on:   6 May 2026, 22:09:04
============================================
矩阵：地理距离倒数矩阵（省会版） (geographic_inv)
双固定效应 SDM 主模型
============================================
------------------------------------------------------------------------------
         eff | Coefficient  Std. err.      z    P>|z|     [95% conf. interval]
-------------+----------------------------------------------------------------
Main         |
        lntl |   .1252878   .0655478     1.91   0.056    -.0031836    .2537592
         ind |   .0949448   .1290427     0.74   0.462    -.1579742    .3478639
         urb |  -1.206387   .4543283    -2.66   0.008    -2.096854   -.3159199
          rd |    6.25439   2.505554     2.50   0.013     1.343594    11.16519
        open |   .4370164   .1057128     4.13   0.000     .2298231    .6442097
          es |  -.0247131    .137557    -0.18   0.857    -.2943198    .2448936
-------------+----------------------------------------------------------------
Wx           |
        lntl |   .3062948   .3755663     0.82   0.415    -.4298015    1.042391
         ind |   .6389671   .7732877     0.83   0.409     -.876649    2.154583
         urb |  -4.451071    2.25922    -1.97   0.049     -8.87906   -.0230816
          rd |    8.63656   15.85655     0.54   0.586     -22.4417    39.71483
        open |    1.23476   .6230055     1.98   0.047     .0136918    2.455828
          es |   1.075685   1.196504     0.90   0.369     -1.26942    3.420789
-------------+----------------------------------------------------------------
Spatial      |
         rho |  -.3062686   .2616045    -1.17   0.242    -.8190039    .2064668
-------------+----------------------------------------------------------------
Variance     |
    sigma2_e |   .0020695   .0001885    10.98   0.000        .0017    .0024391
-------------+----------------------------------------------------------------
LR_Direct    |
        lntl |   .1237359   .0700891     1.77   0.077    -.0136362     .261108
         ind |   .0820318    .121866     0.67   0.501    -.1568211    .3208848
         urb |  -1.102899   .4593053    -2.40   0.016    -2.003121   -.2026772
          rd |   6.127831   2.508592     2.44   0.015     1.211081    11.04458
        open |    .420687   .1015289     4.14   0.000     .2216939      .61968
          es |  -.0274057   .1364861    -0.20   0.841    -.2949135    .2401022
-------------+----------------------------------------------------------------
LR_Indirect  |
        lntl |   .2069074   .3086424     0.67   0.503    -.3980205    .8118353
         ind |   .4449608   .6009332     0.74   0.459    -.7328466    1.622768
         urb |  -3.186149   1.737624    -1.83   0.067    -6.591829    .2195314
          rd |   6.238789   13.04852     0.48   0.633    -19.33585    31.81343
        open |   .8872791   .5390457     1.65   0.100     -.169231    1.943789
          es |   .9582159   1.067764     0.90   0.370    -1.134563    3.050995
-------------+----------------------------------------------------------------
LR_Total     |
        lntl |   .3306433   .2818752     1.17   0.241    -.2218218    .8831085
         ind |   .5269927   .6475842     0.81   0.416    -.7422491    1.796234
         urb |  -4.289048   1.543847    -2.78   0.005    -7.314932   -1.263163
          rd |   12.36662   13.14724     0.94   0.347    -13.40149    38.13473
        open |   1.307966   .5718755     2.29   0.022     .1871108    2.428821
          es |   .9308103   1.101095     0.85   0.398    -1.227296    3.088917
------------------------------------------------------------------------------

matrices:
              r(table) :  9 x 32
      name:  sdm_geographic_inv
       log:  C:\Users\abc0x7f\Desktop\PRO\统计建模\outputs/回归分析/80_空间SDM
> 主模型/stata/SDM主模型_geographic_inv.log
  log type:  text
 closed on:   6 May 2026, 22:09:05
-------------------------------------------------------------------------------
