-------------------------------------------------------------------------------
      name:  sdm_economic_geo_nested
       log:  C:\Users\abc0x7f\Desktop\PRO\统计建模\outputs/回归分析/80_空间SDM
> 主模型/stata/SDM主模型_economic_geo_nested.log
  log type:  text
 opened on:   6 May 2026, 21:15:53
============================================
矩阵：经济地理嵌套矩阵（省会版） (economic_geo_nested)
双固定效应 SDM 主模型
============================================
------------------------------------------------------------------------------
         eff | Coefficient  Std. err.      z    P>|z|     [95% conf. interval]
-------------+----------------------------------------------------------------
Main         |
        lntl |   .0562412   .0677937     0.83   0.407     -.076632    .1891145
         ind |   .1028987   .1286728     0.80   0.424    -.1492954    .3550927
         urb |  -1.156307   .4347764    -2.66   0.008    -2.008453   -.3041605
          rd |   5.991797   2.523106     2.37   0.018     1.046599    10.93699
        open |   .4539916   .1004099     4.52   0.000     .2571919    .6507914
          es |  -.0363003   .1336721    -0.27   0.786    -.2982928    .2256921
-------------+----------------------------------------------------------------
Wx           |
        lntl |    .680401   .3612896     1.88   0.060    -.0277137    1.388516
         ind |   .3716517   .7863604     0.47   0.636    -1.169586     1.91289
         urb |   -4.16651   2.191539    -1.90   0.057    -8.461846     .128827
          rd |   22.79767   16.41192     1.39   0.165    -9.369096    54.96445
        open |   1.295131   .6254214     2.07   0.038     .0693276    2.520935
          es |  -.2420239   .9093404    -0.27   0.790    -2.024298    1.540251
-------------+----------------------------------------------------------------
Spatial      |
         rho |  -.2092664   .2497115    -0.84   0.402    -.6986919    .2801591
-------------+----------------------------------------------------------------
Variance     |
    sigma2_e |   .0020598   .0001888    10.91   0.000     .0016898    .0024299
-------------+----------------------------------------------------------------
LR_Direct    |
        lntl |   .0512492   .0724395     0.71   0.479    -.0907295     .193228
         ind |   .0940059   .1221046     0.77   0.441    -.1453147    .3333264
         urb |  -1.067739   .4390779    -2.43   0.015    -1.928316   -.2071617
          rd |    5.72789     2.5288     2.27   0.024     .7715324    10.68425
        open |   .4403902   .0980682     4.49   0.000     .2481801    .6326002
          es |  -.0221026   .1335697    -0.17   0.869    -.2838944    .2396892
-------------+----------------------------------------------------------------
LR_Indirect  |
        lntl |   .5651222   .3207824     1.76   0.078    -.0635997    1.193844
         ind |   .2510575   .6688372     0.38   0.707    -1.059839    1.561954
         urb |  -3.320852    1.85003    -1.80   0.073    -6.946844    .3051404
          rd |   19.15792   14.92218     1.28   0.199    -10.08901    48.40486
        open |   1.040576   .6123941     1.70   0.089    -.1596943    2.240846
          es |  -.1234841   .8444132    -0.15   0.884    -1.778504    1.531535
-------------+----------------------------------------------------------------
LR_Total     |
        lntl |   .6163714   .2999168     2.06   0.040     .0285454    1.204198
         ind |   .3450634   .7214143     0.48   0.632    -1.068883    1.759009
         urb |   -4.38859   1.679343    -2.61   0.009    -7.680042   -1.097139
          rd |   24.88581   15.19697     1.64   0.102    -4.899705    54.67133
        open |   1.480966   .6396877     2.32   0.021     .2272013    2.734731
          es |  -.1455867   .8673125    -0.17   0.867    -1.845488    1.554315
------------------------------------------------------------------------------

matrices:
              r(table) :  9 x 32
      name:  sdm_economic_geo_nested
       log:  C:\Users\abc0x7f\Desktop\PRO\统计建模\outputs/回归分析/80_空间SDM
> 主模型/stata/SDM主模型_economic_geo_nested.log
  log type:  text
 closed on:   6 May 2026, 21:15:54
-------------------------------------------------------------------------------
