Date: 2026-05-06 22:00:09
Data: 第一阶段_基础
Name: 结果_超效率SBM Malmquist 指数 -全局参比_规模报酬可变VRS_0.xlsx
Parameters: 
时期列名为:year
投入为['Population', 'Capital', 'energy_total']
产出为['GDP_constant']
非期望产出为['Carbon']
模型信息: 超效率SBM Malmquist 指数模型,参比形式为全局参比
DMU个数为30,期数为8

Date: 2026-05-06 22:00:37
Data: 第一阶段_基础
Name: 结果_超效率SBM Malmquist 指数 -全局参比_规模报酬不变CRS_0.xlsx
Parameters: 
已选择分解指数值
时期列名为:year
投入为['Population', 'Capital', 'energy_total']
产出为['GDP_constant']
非期望产出为['Carbon']
模型信息: 超效率SBM Malmquist 指数模型,参比形式为全局参比
DMU个数为30,期数为8

